0 verbose cli /usr/local/bin/node /usr/local/bin/npm
1 info using npm@10.8.2
2 info using node@v20.18.0
3 silly config load:file:/usr/local/lib/node_modules/npm/npmrc
4 silly config load:file:/data/.npmrc
5 silly config load:file:/usr/src/node-red/.npmrc
6 silly config load:file:/usr/local/etc/npmrc
7 verbose title npm install node-red-node-mysql@2.0.0
8 verbose argv "install" "--no-audit" "--no-update-notifier" "--no-fund" "--save" "--save-prefix" "~" "--omit" "dev" "--engine-strict" "node-red-node-mysql@2.0.0"
9 verbose logfile logs-max:10 dir:/data/.npm/_logs/2024-10-31T18_19_00_149Z-
10 verbose logfile /data/.npm/_logs/2024-10-31T18_19_00_149Z-debug-0.log
11 silly packumentCache heap:2197815296 maxSize:549453824 maxEntrySize:274726912
12 silly logfile done cleaning log files
13 silly idealTree buildDeps
14 silly fetch manifest node-red-node-mysql@2.0.0
15 silly packumentCache full:https://registry.npmjs.org/node-red-node-mysql cache-miss
16 http fetch GET 200 https://registry.npmjs.org/node-red-node-mysql 1265ms (cache miss)
17 silly packumentCache full:https://registry.npmjs.org/node-red-node-mysql set size:undefined disposed:false
18 silly placeDep ROOT node-red-node-mysql@2.0.0 OK for: node-red-project@0.0.1 want: 2.0.0
19 silly fetch manifest mysql2@^3.6.5
20 silly packumentCache full:https://registry.npmjs.org/mysql2 cache-miss
21 http fetch GET 200 https://registry.npmjs.org/mysql2 193ms (cache miss)
22 silly packumentCache full:https://registry.npmjs.org/mysql2 set size:undefined disposed:false
23 silly placeDep ROOT mysql2@3.11.3 OK for: node-red-node-mysql@2.0.0 want: ^3.6.5
24 silly fetch manifest long@^5.2.1
25 silly packumentCache full:https://registry.npmjs.org/long cache-miss
26 silly fetch manifest denque@^2.1.0
27 silly packumentCache full:https://registry.npmjs.org/denque cache-miss
28 silly fetch manifest lru.min@^1.0.0
29 silly packumentCache full:https://registry.npmjs.org/lru.min cache-miss
30 silly fetch manifest seq-queue@^0.0.5
31 silly packumentCache full:https://registry.npmjs.org/seq-queue cache-miss
32 silly fetch manifest sqlstring@^2.3.2
33 silly packumentCache full:https://registry.npmjs.org/sqlstring cache-miss
34 silly fetch manifest iconv-lite@^0.6.3
35 silly packumentCache full:https://registry.npmjs.org/iconv-lite cache-miss
36 silly fetch manifest aws-ssl-profiles@^1.1.1
37 silly packumentCache full:https://registry.npmjs.org/aws-ssl-profiles cache-miss
38 silly fetch manifest generate-function@^2.3.1
39 silly packumentCache full:https://registry.npmjs.org/generate-function cache-miss
40 silly fetch manifest named-placeholders@^1.1.3
41 silly packumentCache full:https://registry.npmjs.org/named-placeholders cache-miss
42 http fetch GET 200 https://registry.npmjs.org/long 248ms (cache miss)
43 silly packumentCache full:https://registry.npmjs.org/long set size:undefined disposed:false
44 http fetch GET 200 https://registry.npmjs.org/sqlstring 261ms (cache revalidated)
45 silly packumentCache full:https://registry.npmjs.org/sqlstring set size:31678 disposed:false
46 http fetch GET 200 https://registry.npmjs.org/seq-queue 378ms (cache miss)
47 silly packumentCache full:https://registry.npmjs.org/seq-queue set size:undefined disposed:false
48 http fetch GET 200 https://registry.npmjs.org/lru.min 384ms (cache miss)
49 silly packumentCache full:https://registry.npmjs.org/lru.min set size:undefined disposed:false
50 http fetch GET 200 https://registry.npmjs.org/aws-ssl-profiles 377ms (cache miss)
51 silly packumentCache full:https://registry.npmjs.org/aws-ssl-profiles set size:undefined disposed:false
52 http fetch GET 200 https://registry.npmjs.org/generate-function 379ms (cache miss)
53 silly packumentCache full:https://registry.npmjs.org/generate-function set size:undefined disposed:false
54 http fetch GET 200 https://registry.npmjs.org/named-placeholders 389ms (cache miss)
55 silly packumentCache full:https://registry.npmjs.org/named-placeholders set size:undefined disposed:false
56 http fetch GET 200 https://registry.npmjs.org/iconv-lite 424ms (cache miss)
57 silly packumentCache full:https://registry.npmjs.org/iconv-lite set size:undefined disposed:false
58 http fetch GET 200 https://registry.npmjs.org/denque 441ms (cache miss)
59 silly packumentCache full:https://registry.npmjs.org/denque set size:undefined disposed:false
60 silly placeDep ROOT aws-ssl-profiles@1.1.2 OK for: mysql2@3.11.3 want: ^1.1.1
61 silly placeDep ROOT denque@2.1.0 OK for: mysql2@3.11.3 want: ^2.1.0
62 silly placeDep ROOT generate-function@2.3.1 OK for: mysql2@3.11.3 want: ^2.3.1
63 silly placeDep ROOT iconv-lite@0.6.3 OK for: mysql2@3.11.3 want: ^0.6.3
64 silly placeDep ROOT long@5.2.3 OK for: mysql2@3.11.3 want: ^5.2.1
65 silly placeDep ROOT lru.min@1.1.1 OK for: mysql2@3.11.3 want: ^1.0.0
66 silly placeDep ROOT named-placeholders@1.1.3 OK for: mysql2@3.11.3 want: ^1.1.3
67 silly placeDep ROOT seq-queue@0.0.5 OK for: mysql2@3.11.3 want: ^0.0.5
68 silly placeDep node_modules/mysql2 sqlstring@2.3.3 OK for: mysql2@3.11.3 want: ^2.3.2
69 silly fetch manifest is-property@^1.0.2
70 silly packumentCache full:https://registry.npmjs.org/is-property cache-miss
71 silly fetch manifest safer-buffer@>= 2.1.2 < 3.0.0
72 silly packumentCache full:https://registry.npmjs.org/safer-buffer cache-miss
73 silly fetch manifest lru-cache@^7.14.1
74 silly packumentCache full:https://registry.npmjs.org/lru-cache cache-miss
75 http fetch GET 200 https://registry.npmjs.org/safer-buffer 246ms (cache miss)
76 silly packumentCache full:https://registry.npmjs.org/safer-buffer set size:undefined disposed:false
77 http fetch GET 200 https://registry.npmjs.org/is-property 252ms (cache miss)
78 silly packumentCache full:https://registry.npmjs.org/is-property set size:undefined disposed:false
79 http fetch GET 200 https://registry.npmjs.org/lru-cache 330ms (cache miss)
80 silly packumentCache full:https://registry.npmjs.org/lru-cache set size:undefined disposed:false
81 silly placeDep ROOT is-property@1.0.2 OK for: generate-function@2.3.1 want: ^1.0.2
82 silly placeDep ROOT safer-buffer@2.1.2 OK for: iconv-lite@0.6.3 want: >= 2.1.2 < 3.0.0
83 silly placeDep ROOT lru-cache@7.18.3 OK for: named-placeholders@1.1.3 want: ^7.14.1
84 silly reify moves {}
85 silly tarball no local data for is-property@https://registry.npmjs.org/is-property/-/is-property-1.0.2.tgz. Extracting by manifest.
86 silly tarball no local data for safer-buffer@https://registry.npmjs.org/safer-buffer/-/safer-buffer-2.1.2.tgz. Extracting by manifest.
87 silly tarball no local data for lru-cache@https://registry.npmjs.org/lru-cache/-/lru-cache-7.18.3.tgz. Extracting by manifest.
88 silly tarball no local data for named-placeholders@https://registry.npmjs.org/named-placeholders/-/named-placeholders-1.1.3.tgz. Extracting by manifest.
89 silly tarball no local data for long@https://registry.npmjs.org/long/-/long-5.2.3.tgz. Extracting by manifest.
90 silly tarball no local data for iconv-lite@https://registry.npmjs.org/iconv-lite/-/iconv-lite-0.6.3.tgz. Extracting by manifest.
91 silly tarball no local data for seq-queue@https://registry.npmjs.org/seq-queue/-/seq-queue-0.0.5.tgz. Extracting by manifest.
92 silly tarball no local data for denque@https://registry.npmjs.org/denque/-/denque-2.1.0.tgz. Extracting by manifest.
93 silly tarball no local data for lru.min@https://registry.npmjs.org/lru.min/-/lru.min-1.1.1.tgz. Extracting by manifest.
94 silly tarball no local data for aws-ssl-profiles@https://registry.npmjs.org/aws-ssl-profiles/-/aws-ssl-profiles-1.1.2.tgz. Extracting by manifest.
95 silly tarball no local data for generate-function@https://registry.npmjs.org/generate-function/-/generate-function-2.3.1.tgz. Extracting by manifest.
96 silly tarball no local data for node-red-node-mysql@https://registry.npmjs.org/node-red-node-mysql/-/node-red-node-mysql-2.0.0.tgz. Extracting by manifest.
97 silly tarball no local data for mysql2@https://registry.npmjs.org/mysql2/-/mysql2-3.11.3.tgz. Extracting by manifest.
98 silly tarball no local data for sqlstring@https://registry.npmjs.org/sqlstring/-/sqlstring-2.3.3.tgz. Extracting by manifest.
99 http fetch GET 200 https://registry.npmjs.org/named-placeholders/-/named-placeholders-1.1.3.tgz 340ms (cache miss)
100 http fetch GET 200 https://registry.npmjs.org/safer-buffer/-/safer-buffer-2.1.2.tgz 446ms (cache miss)
101 http fetch GET 200 https://registry.npmjs.org/seq-queue/-/seq-queue-0.0.5.tgz 582ms (cache miss)
102 http fetch GET 200 https://registry.npmjs.org/denque/-/denque-2.1.0.tgz 689ms (cache miss)
103 http fetch GET 200 https://registry.npmjs.org/long/-/long-5.2.3.tgz 710ms (cache miss)
104 http fetch GET 200 https://registry.npmjs.org/is-property/-/is-property-1.0.2.tgz 920ms (cache miss)
105 http fetch GET 200 https://registry.npmjs.org/lru-cache/-/lru-cache-7.18.3.tgz 952ms (cache miss)
106 http fetch GET 200 https://registry.npmjs.org/generate-function/-/generate-function-2.3.1.tgz 998ms (cache miss)
107 http fetch GET 200 https://registry.npmjs.org/lru.min/-/lru.min-1.1.1.tgz 1079ms (cache miss)
108 http fetch GET 200 https://registry.npmjs.org/sqlstring/-/sqlstring-2.3.3.tgz 1057ms (cache miss)
109 http fetch GET 200 https://registry.npmjs.org/node-red-node-mysql/-/node-red-node-mysql-2.0.0.tgz 1125ms (cache miss)
110 http fetch GET 200 https://registry.npmjs.org/aws-ssl-profiles/-/aws-ssl-profiles-1.1.2.tgz 1323ms (cache miss)
111 http fetch GET 200 https://registry.npmjs.org/iconv-lite/-/iconv-lite-0.6.3.tgz 1461ms (cache miss)
112 http fetch GET 200 https://registry.npmjs.org/mysql2/-/mysql2-3.11.3.tgz 2505ms (cache miss)
113 silly ADD node_modules/lru-cache
114 silly ADD node_modules/safer-buffer
115 silly ADD node_modules/is-property
116 silly ADD node_modules/seq-queue
117 silly ADD node_modules/named-placeholders
118 silly ADD node_modules/lru.min
119 silly ADD node_modules/long
120 silly ADD node_modules/iconv-lite
121 silly ADD node_modules/generate-function
122 silly ADD node_modules/denque
123 silly ADD node_modules/aws-ssl-profiles
124 silly ADD node_modules/mysql2
125 silly ADD node_modules/mysql2/node_modules/sqlstring
126 silly ADD node_modules/node-red-node-mysql
127 verbose cwd /data
128 verbose os Linux 5.15.153.1-microsoft-standard-WSL2
129 verbose node v20.18.0
130 verbose npm  v10.8.2
131 verbose exit 0
132 info ok
